<?xml version="1.0" encoding="UTF-8"?>
<!-- Generated by org.testng.reporters.JUnitXMLReporter -->
<testsuite ignored="0" hostname="DESKTOP-M2EFE32" failures="1" tests="20" name="Default test" time="343.446" errors="0" timestamp="2024-01-20T15:38:57 IST">
  <testcase classname="com.amazon.testscript.Amazon_UI_Testing" name="TC_01" time="33.734"/>
  <testcase classname="com.amazon.testscript.Amazon_UI_Testing" name="TC_02" time="25.315"/>
  <testcase classname="com.amazon.testscript.Amazon_UI_Testing" name="TC_03" time="36.746"/>
  <testcase classname="com.amazon.testscript.Amazon_UI_Testing" name="TC_04" time="14.42"/>
  <testcase classname="com.amazon.testscript.Amazon_UI_Testing" name="TC_05" time="3.568"/>
  <testcase classname="com.amazon.testscript.Amazon_UI_Testing" name="TC_06" time="8.348"/>
  <testcase classname="com.amazon.testscript.Amazon_UI_Testing" name="TC_07" time="8.243"/>
  <testcase classname="com.amazon.testscript.Amazon_UI_Testing" name="TC_08" time="21.872"/>
  <testcase classname="com.amazon.testscript.Amazon_UI_Testing" name="TC_09" time="4.456"/>
  <testcase classname="com.amazon.testscript.Amazon_UI_Testing" name="TC_10" time="1.66"/>
  <testcase classname="com.amazon.testscript.Amazon_UI_Testing" name="TC_11" time="1.871"/>
  <testcase classname="com.amazon.testscript.Amazon_UI_Testing" name="TC_12" time="0.648"/>
  <testcase classname="com.amazon.testscript.Amazon_UI_Testing" name="TC_13" time="9.111"/>
  <testcase classname="com.amazon.testscript.Amazon_UI_Testing" name="TC_14" time="2.476"/>
  <testcase classname="com.amazon.testscript.Amazon_UI_Testing" name="TC_15" time="4.826"/>
  <testcase classname="com.amazon.testscript.Amazon_UI_Testing" name="TC_16" time="13.977"/>
  <testcase classname="com.amazon.testscript.Amazon_UI_Testing" name="TC_17" time="3.055"/>
  <testcase classname="com.amazon.testscript.Amazon_UI_Testing" name="TC_19" time="3.111"/>
  <testcase classname="com.amazon.testscript.Amazon_UI_Testing" name="TC_20" time="22.002"/>
  <testcase classname="com.amazon.testscript.Amazon_UI_Testing" name="TC_18" time="4.309">
    <failure type="org.openqa.selenium.ElementClickInterceptedException" message="element click intercepted: Element &amp;lt;span id=&amp;quot;icp-save-button-announce&amp;quot; class=&amp;quot;a-button-text&amp;quot; aria-hidden=&amp;quot;true&amp;quot;&amp;gt;...&amp;lt;/span&amp;gt; is not clickable at point (232, 499). Other element would receive the click: &amp;lt;input class=&amp;quot;a-button-input&amp;quot; type=&amp;quot;submit&amp;quot; aria-labelledby=&amp;quot;icp-save-button-announce&amp;quot;&amp;gt;
  (Session info: chrome=120.0.6099.225)
Build info: version: &amp;apos;4.15.0&amp;apos;, revision: &amp;apos;1d14b5521b&amp;apos;
System info: os.name: &amp;apos;Windows 11&amp;apos;, os.arch: &amp;apos;amd64&amp;apos;, os.version: &amp;apos;10.0&amp;apos;, java.version: &amp;apos;20.0.1&amp;apos;
Driver info: org.openqa.selenium.chrome.ChromeDriver
Command: [f31e305e617c4bf1db9a4a2b5f8972e7, clickElement {id=4424BD0E2C3D87D73F8890E1BD96D33B_element_157}]
Capabilities {acceptInsecureCerts: false, browserName: chrome, browserVersion: 120.0.6099.225, chrome: {chromedriverVersion: 120.0.6099.109 (3419140ab66..., userDataDir: C:\Users\onlin\AppData\Loca...}, fedcm:accounts: true, goog:chromeOptions: {debuggerAddress: localhost:56031}, networkConnectionEnabled: false, pageLoadStrategy: normal, platformName: windows, proxy: Proxy(), se:cdp: ws://localhost:56031/devtoo..., se:cdpVersion: 120.0.6099.225, setWindowRect: true, strictFileInteractability: false, timeouts: {implicit: 0, pageLoad: 300000, script: 30000}, unhandledPromptBehavior: dismiss and notify, webauthn:extension:credBlob: true, webauthn:extension:largeBlob: true, webauthn:extension:minPinLength: true, webauthn:extension:prf: true, webauthn:virtualAuthenticators: true}
Element: [[ChromeDriver: chrome on windows (f31e305e617c4bf1db9a4a2b5f8972e7)] -&amp;gt; id: icp-save-button-announce]
Session ID: f31e305e617c4bf1db9a4a2b5f8972e7">
      <![CDATA[org.openqa.selenium.ElementClickInterceptedException: element click intercepted: Element <span id="icp-save-button-announce" class="a-button-text" aria-hidden="true">...</span> is not clickable at point (232, 499). Other element would receive the click: <input class="a-button-input" type="submit" aria-labelledby="icp-save-button-announce">
  (Session info: chrome=120.0.6099.225)
Build info: version: '4.15.0', revision: '1d14b5521b'
System info: os.name: 'Windows 11', os.arch: 'amd64', os.version: '10.0', java.version: '20.0.1'
Driver info: org.openqa.selenium.chrome.ChromeDriver
Command: [f31e305e617c4bf1db9a4a2b5f8972e7, clickElement {id=4424BD0E2C3D87D73F8890E1BD96D33B_element_157}]
Capabilities {acceptInsecureCerts: false, browserName: chrome, browserVersion: 120.0.6099.225, chrome: {chromedriverVersion: 120.0.6099.109 (3419140ab66..., userDataDir: C:\Users\onlin\AppData\Loca...}, fedcm:accounts: true, goog:chromeOptions: {debuggerAddress: localhost:56031}, networkConnectionEnabled: false, pageLoadStrategy: normal, platformName: windows, proxy: Proxy(), se:cdp: ws://localhost:56031/devtoo..., se:cdpVersion: 120.0.6099.225, setWindowRect: true, strictFileInteractability: false, timeouts: {implicit: 0, pageLoad: 300000, script: 30000}, unhandledPromptBehavior: dismiss and notify, webauthn:extension:credBlob: true, webauthn:extension:largeBlob: true, webauthn:extension:minPinLength: true, webauthn:extension:prf: true, webauthn:virtualAuthenticators: true}
Element: [[ChromeDriver: chrome on windows (f31e305e617c4bf1db9a4a2b5f8972e7)] -> id: icp-save-button-announce]
Session ID: f31e305e617c4bf1db9a4a2b5f8972e7
at java.base/jdk.internal.reflect.DirectConstructorHandleAccessor.newInstance(DirectConstructorHandleAccessor.java:67)
at java.base/java.lang.reflect.Constructor.newInstanceWithCaller(Constructor.java:500)
at java.base/java.lang.reflect.Constructor.newInstance(Constructor.java:484)
at org.openqa.selenium.remote.codec.w3c.W3CHttpResponseCodec.createException(W3CHttpResponseCodec.java:200)
at org.openqa.selenium.remote.codec.w3c.W3CHttpResponseCodec.decode(W3CHttpResponseCodec.java:133)
at org.openqa.selenium.remote.codec.w3c.W3CHttpResponseCodec.decode(W3CHttpResponseCodec.java:52)
at org.openqa.selenium.remote.HttpCommandExecutor.execute(HttpCommandExecutor.java:191)
at org.openqa.selenium.remote.service.DriverCommandExecutor.invokeExecute(DriverCommandExecutor.java:200)
at org.openqa.selenium.remote.service.DriverCommandExecutor.execute(DriverCommandExecutor.java:175)
at org.openqa.selenium.remote.RemoteWebDriver.execute(RemoteWebDriver.java:607)
at org.openqa.selenium.remote.RemoteWebElement.execute(RemoteWebElement.java:224)
at org.openqa.selenium.remote.RemoteWebElement.click(RemoteWebElement.java:77)
at java.base/jdk.internal.reflect.DirectMethodHandleAccessor.invoke(DirectMethodHandleAccessor.java:104)
at java.base/java.lang.reflect.Method.invoke(Method.java:578)
at org.openqa.selenium.support.pagefactory.internal.LocatingElementHandler.invoke(LocatingElementHandler.java:51)
at jdk.proxy2/jdk.proxy2.$Proxy13.click(Unknown Source)
at com.amazon.testscript.Amazon_UI_Testing.TC_18(Amazon_UI_Testing.java:210)
at java.base/jdk.internal.reflect.DirectMethodHandleAccessor.invoke(DirectMethodHandleAccessor.java:104)
at java.base/java.lang.reflect.Method.invoke(Method.java:578)
at org.testng.internal.invokers.MethodInvocationHelper.invokeMethod(MethodInvocationHelper.java:139)
at org.testng.internal.invokers.TestInvoker.invokeMethod(TestInvoker.java:677)
at org.testng.internal.invokers.TestInvoker.invokeTestMethod(TestInvoker.java:221)
at org.testng.internal.invokers.MethodRunner.runInSequence(MethodRunner.java:50)
at org.testng.internal.invokers.TestInvoker$MethodInvocationAgent.invoke(TestInvoker.java:969)
at org.testng.internal.invokers.TestInvoker.invokeTestMethods(TestInvoker.java:194)
at org.testng.internal.invokers.TestMethodWorker.invokeTestMethods(TestMethodWorker.java:148)
at org.testng.internal.invokers.TestMethodWorker.run(TestMethodWorker.java:128)
at java.base/java.util.ArrayList.forEach(ArrayList.java:1511)
at org.testng.TestRunner.privateRun(TestRunner.java:829)
at org.testng.TestRunner.run(TestRunner.java:602)
at org.testng.SuiteRunner.runTest(SuiteRunner.java:437)
at org.testng.SuiteRunner.runSequentially(SuiteRunner.java:431)
at org.testng.SuiteRunner.privateRun(SuiteRunner.java:391)
at org.testng.SuiteRunner.run(SuiteRunner.java:330)
at org.testng.SuiteRunnerWorker.runSuite(SuiteRunnerWorker.java:52)
at org.testng.SuiteRunnerWorker.run(SuiteRunnerWorker.java:95)
at org.testng.TestNG.runSuitesSequentially(TestNG.java:1256)
at org.testng.TestNG.runSuitesLocally(TestNG.java:1176)
at org.testng.TestNG.runSuites(TestNG.java:1099)
at org.testng.TestNG.run(TestNG.java:1067)
at org.testng.remote.AbstractRemoteTestNG.run(AbstractRemoteTestNG.java:115)
at org.testng.remote.RemoteTestNG.initAndRun(RemoteTestNG.java:251)
at org.testng.remote.RemoteTestNG.main(RemoteTestNG.java:77)
]]>
    </failure>
  </testcase> <!-- TC_18 -->
</testsuite> <!-- Default test -->
