<?xml version="1.0" encoding="UTF-8"?>
<!-- Generated by org.testng.reporters.JUnitReportReporter -->
<testsuite hostname="DESKTOP-M2EFE32" failures="0" tests="20" name="com.amazon.testscript.Amazon_UI_Testing" time="340.858" errors="1" timestamp="2024-01-20T15:38:57 IST" skipped="0">
  <testcase classname="com.amazon.testscript.Amazon_UI_Testing" name="TC_01" time="39.272"/>
  <system-out/>
  <testcase classname="com.amazon.testscript.Amazon_UI_Testing" name="TC_02" time="30.966"/>
  <system-out/>
  <testcase classname="com.amazon.testscript.Amazon_UI_Testing" name="TC_03" time="42.039"/>
  <system-out/>
  <testcase classname="com.amazon.testscript.Amazon_UI_Testing" name="TC_04" time="18.755"/>
  <system-out/>
  <testcase classname="com.amazon.testscript.Amazon_UI_Testing" name="TC_05" time="8.192"/>
  <system-out/>
  <testcase classname="com.amazon.testscript.Amazon_UI_Testing" name="TC_06" time="16.193"/>
  <system-out>
    <![CDATA[Ratings of the product: 3.9]]>
  </system-out>
  <testcase classname="com.amazon.testscript.Amazon_UI_Testing" name="TC_07" time="13.632"/>
  <system-out>
    <![CDATA[Material composition
Cotton
Pattern
Striped
Fit type
Regular Fit
Sleeve type
Half Sleeve
Collar style
Club Collar
Length
Standard Length
Country of Origin
India






Cloudsoft innerwear for all day comfort
Stylish Oversized T-Shirt to Wear Everyday
Men's T-Shirt by Levis







]]>
  </system-out>
  <testcase classname="com.amazon.testscript.Amazon_UI_Testing" name="TC_08" time="28.544"/>
  <system-out/>
  <testcase classname="com.amazon.testscript.Amazon_UI_Testing" name="TC_09" time="8.932"/>
  <system-out/>
  <testcase classname="com.amazon.testscript.Amazon_UI_Testing" name="TC_10" time="6.013"/>
  <system-out/>
  <testcase classname="com.amazon.testscript.Amazon_UI_Testing" name="TC_11" time="13.846"/>
  <system-out/>
  <testcase classname="com.amazon.testscript.Amazon_UI_Testing" name="TC_12" time="8.670"/>
  <system-out/>
  <testcase classname="com.amazon.testscript.Amazon_UI_Testing" name="TC_13" time="13.937"/>
  <system-out>
    <![CDATA[Pass]]>
  </system-out>
  <testcase classname="com.amazon.testscript.Amazon_UI_Testing" name="TC_14" time="8.000"/>
  <system-out/>
  <testcase classname="com.amazon.testscript.Amazon_UI_Testing" name="TC_15" time="10.378"/>
  <system-out/>
  <testcase classname="com.amazon.testscript.Amazon_UI_Testing" name="TC_16" time="19.721"/>
  <system-out/>
  <testcase classname="com.amazon.testscript.Amazon_UI_Testing" name="TC_17" time="9.671"/>
  <system-out/>
  <testcase classname="com.amazon.testscript.Amazon_UI_Testing" name="TC_19" time="8.012"/>
  <system-out/>
  <testcase classname="com.amazon.testscript.Amazon_UI_Testing" name="TC_20" time="27.662"/>
  <system-out/>
  <testcase classname="com.amazon.testscript.Amazon_UI_Testing" name="TC_18" time="8.423">
    <error message="element click intercepted: Element &lt;span id=&quot;icp-save-button-announce&quot; class=&quot;a-button-text&quot; aria-hidden=&quot;true&quot;&gt;...&lt;/span&gt; is not clickable at point (232, 499). Other element would receive the click: &lt;input class=&quot;a-button-input&quot; type=&quot;submit&quot; aria-labelledby=&quot;icp-save-button-announce&quot;&gt;
  (Session info: chrome=120.0.6099.225)
Build info: version: &#039;4.15.0&#039;, revision: &#039;1d14b5521b&#039;
System info: os.name: &#039;Windows 11&#039;, os.arch: &#039;amd64&#039;, os.version: &#039;10.0&#039;, java.version: &#039;20.0.1&#039;
Driver info: org.openqa.selenium.chrome.ChromeDriver
Command: [f31e305e617c4bf1db9a4a2b5f8972e7, clickElement {id=4424BD0E2C3D87D73F8890E1BD96D33B_element_157}]
Capabilities {acceptInsecureCerts: false, browserName: chrome, browserVersion: 120.0.6099.225, chrome: {chromedriverVersion: 120.0.6099.109 (3419140ab66..., userDataDir: C:\Users\onlin\AppData\Loca...}, fedcm:accounts: true, goog:chromeOptions: {debuggerAddress: localhost:56031}, networkConnectionEnabled: false, pageLoadStrategy: normal, platformName: windows, proxy: Proxy(), se:cdp: ws://localhost:56031/devtoo..., se:cdpVersion: 120.0.6099.225, setWindowRect: true, strictFileInteractability: false, timeouts: {implicit: 0, pageLoad: 300000, script: 30000}, unhandledPromptBehavior: dismiss and notify, webauthn:extension:credBlob: true, webauthn:extension:largeBlob: true, webauthn:extension:minPinLength: true, webauthn:extension:prf: true, webauthn:virtualAuthenticators: true}
Element: [[ChromeDriver: chrome on windows (f31e305e617c4bf1db9a4a2b5f8972e7)] -&gt; id: icp-save-button-announce]
Session ID: f31e305e617c4bf1db9a4a2b5f8972e7" type="org.openqa.selenium.ElementClickInterceptedException">
      <![CDATA[org.openqa.selenium.ElementClickInterceptedException: element click intercepted: Element <span id="icp-save-button-announce" class="a-button-text" aria-hidden="true">...</span> is not clickable at point (232, 499). Other element would receive the click: <input class="a-button-input" type="submit" aria-labelledby="icp-save-button-announce">
  (Session info: chrome=120.0.6099.225)
Build info: version: '4.15.0', revision: '1d14b5521b'
System info: os.name: 'Windows 11', os.arch: 'amd64', os.version: '10.0', java.version: '20.0.1'
Driver info: org.openqa.selenium.chrome.ChromeDriver
Command: [f31e305e617c4bf1db9a4a2b5f8972e7, clickElement {id=4424BD0E2C3D87D73F8890E1BD96D33B_element_157}]
Capabilities {acceptInsecureCerts: false, browserName: chrome, browserVersion: 120.0.6099.225, chrome: {chromedriverVersion: 120.0.6099.109 (3419140ab66..., userDataDir: C:\Users\onlin\AppData\Loca...}, fedcm:accounts: true, goog:chromeOptions: {debuggerAddress: localhost:56031}, networkConnectionEnabled: false, pageLoadStrategy: normal, platformName: windows, proxy: Proxy(), se:cdp: ws://localhost:56031/devtoo..., se:cdpVersion: 120.0.6099.225, setWindowRect: true, strictFileInteractability: false, timeouts: {implicit: 0, pageLoad: 300000, script: 30000}, unhandledPromptBehavior: dismiss and notify, webauthn:extension:credBlob: true, webauthn:extension:largeBlob: true, webauthn:extension:minPinLength: true, webauthn:extension:prf: true, webauthn:virtualAuthenticators: true}
Element: [[ChromeDriver: chrome on windows (f31e305e617c4bf1db9a4a2b5f8972e7)] -> id: icp-save-button-announce]
Session ID: f31e305e617c4bf1db9a4a2b5f8972e7
at java.base/jdk.internal.reflect.DirectConstructorHandleAccessor.newInstance(DirectConstructorHandleAccessor.java:67)
at java.base/java.lang.reflect.Constructor.newInstanceWithCaller(Constructor.java:500)
at java.base/java.lang.reflect.Constructor.newInstance(Constructor.java:484)
at org.openqa.selenium.remote.codec.w3c.W3CHttpResponseCodec.createException(W3CHttpResponseCodec.java:200)
at org.openqa.selenium.remote.codec.w3c.W3CHttpResponseCodec.decode(W3CHttpResponseCodec.java:133)
at org.openqa.selenium.remote.codec.w3c.W3CHttpResponseCodec.decode(W3CHttpResponseCodec.java:52)
at org.openqa.selenium.remote.HttpCommandExecutor.execute(HttpCommandExecutor.java:191)
at org.openqa.selenium.remote.service.DriverCommandExecutor.invokeExecute(DriverCommandExecutor.java:200)
at org.openqa.selenium.remote.service.DriverCommandExecutor.execute(DriverCommandExecutor.java:175)
at org.openqa.selenium.remote.RemoteWebDriver.execute(RemoteWebDriver.java:607)
at org.openqa.selenium.remote.RemoteWebElement.execute(RemoteWebElement.java:224)
at org.openqa.selenium.remote.RemoteWebElement.click(RemoteWebElement.java:77)
at java.base/jdk.internal.reflect.DirectMethodHandleAccessor.invoke(DirectMethodHandleAccessor.java:104)
at java.base/java.lang.reflect.Method.invoke(Method.java:578)
at org.openqa.selenium.support.pagefactory.internal.LocatingElementHandler.invoke(LocatingElementHandler.java:51)
at jdk.proxy2/jdk.proxy2.$Proxy13.click(Unknown Source)
at com.amazon.testscript.Amazon_UI_Testing.TC_18(Amazon_UI_Testing.java:210)
at java.base/jdk.internal.reflect.DirectMethodHandleAccessor.invoke(DirectMethodHandleAccessor.java:104)
at java.base/java.lang.reflect.Method.invoke(Method.java:578)
at org.testng.internal.invokers.MethodInvocationHelper.invokeMethod(MethodInvocationHelper.java:139)
at org.testng.internal.invokers.TestInvoker.invokeMethod(TestInvoker.java:677)
at org.testng.internal.invokers.TestInvoker.invokeTestMethod(TestInvoker.java:221)
at org.testng.internal.invokers.MethodRunner.runInSequence(MethodRunner.java:50)
at org.testng.internal.invokers.TestInvoker$MethodInvocationAgent.invoke(TestInvoker.java:969)
at org.testng.internal.invokers.TestInvoker.invokeTestMethods(TestInvoker.java:194)
at org.testng.internal.invokers.TestMethodWorker.invokeTestMethods(TestMethodWorker.java:148)
at org.testng.internal.invokers.TestMethodWorker.run(TestMethodWorker.java:128)
at java.base/java.util.ArrayList.forEach(ArrayList.java:1511)
at org.testng.TestRunner.privateRun(TestRunner.java:829)
at org.testng.TestRunner.run(TestRunner.java:602)
at org.testng.SuiteRunner.runTest(SuiteRunner.java:437)
at org.testng.SuiteRunner.runSequentially(SuiteRunner.java:431)
at org.testng.SuiteRunner.privateRun(SuiteRunner.java:391)
at org.testng.SuiteRunner.run(SuiteRunner.java:330)
at org.testng.SuiteRunnerWorker.runSuite(SuiteRunnerWorker.java:52)
at org.testng.SuiteRunnerWorker.run(SuiteRunnerWorker.java:95)
at org.testng.TestNG.runSuitesSequentially(TestNG.java:1256)
at org.testng.TestNG.runSuitesLocally(TestNG.java:1176)
at org.testng.TestNG.runSuites(TestNG.java:1099)
at org.testng.TestNG.run(TestNG.java:1067)
at org.testng.remote.AbstractRemoteTestNG.run(AbstractRemoteTestNG.java:115)
at org.testng.remote.RemoteTestNG.initAndRun(RemoteTestNG.java:251)
at org.testng.remote.RemoteTestNG.main(RemoteTestNG.java:77)
]]>
    </error>
  </testcase> <!-- TC_18 -->
  <system-out/>
</testsuite> <!-- com.amazon.testscript.Amazon_UI_Testing -->
