<?xml version="1.0" encoding="UTF-8"?>
<!-- Generated by org.testng.reporters.JUnitXMLReporter -->
<testsuite ignored="19" hostname="DESKTOP-M2EFE32" failures="1" tests="1" name="Default test(failed)" time="11.507" errors="0" timestamp="2024-01-20T17:08:46 IST">
  <testcase classname="com.amazon.testscript.Amazon_UI_Testing" name="TC_18" time="4.07">
    <failure type="org.openqa.selenium.ElementClickInterceptedException" message="element click intercepted: Element &amp;lt;span id=&amp;quot;icp-save-button-announce&amp;quot; class=&amp;quot;a-button-text&amp;quot; aria-hidden=&amp;quot;true&amp;quot;&amp;gt;...&amp;lt;/span&amp;gt; is not clickable at point (243, 499). Other element would receive the click: &amp;lt;input class=&amp;quot;a-button-input&amp;quot; type=&amp;quot;submit&amp;quot; aria-labelledby=&amp;quot;icp-save-button-announce&amp;quot;&amp;gt;
  (Session info: chrome=120.0.6099.225)
Build info: version: &amp;apos;4.15.0&amp;apos;, revision: &amp;apos;1d14b5521b&amp;apos;
System info: os.name: &amp;apos;Windows 11&amp;apos;, os.arch: &amp;apos;amd64&amp;apos;, os.version: &amp;apos;10.0&amp;apos;, java.version: &amp;apos;20.0.1&amp;apos;
Driver info: org.openqa.selenium.chrome.ChromeDriver
Command: [b57e59ebfefd1ae62588340ca1b335d6, clickElement {id=3FD677A48BE35B965B5CFCC577D18396_element_65}]
Capabilities {acceptInsecureCerts: false, browserName: chrome, browserVersion: 120.0.6099.225, chrome: {chromedriverVersion: 120.0.6099.109 (3419140ab66..., userDataDir: C:\Users\onlin\AppData\Loca...}, fedcm:accounts: true, goog:chromeOptions: {debuggerAddress: localhost:57290}, networkConnectionEnabled: false, pageLoadStrategy: normal, platformName: windows, proxy: Proxy(), se:cdp: ws://localhost:57290/devtoo..., se:cdpVersion: 120.0.6099.225, setWindowRect: true, strictFileInteractability: false, timeouts: {implicit: 0, pageLoad: 300000, script: 30000}, unhandledPromptBehavior: dismiss and notify, webauthn:extension:credBlob: true, webauthn:extension:largeBlob: true, webauthn:extension:minPinLength: true, webauthn:extension:prf: true, webauthn:virtualAuthenticators: true}
Element: [[ChromeDriver: chrome on windows (b57e59ebfefd1ae62588340ca1b335d6)] -&amp;gt; id: icp-save-button-announce]
Session ID: b57e59ebfefd1ae62588340ca1b335d6">
      <![CDATA[org.openqa.selenium.ElementClickInterceptedException: element click intercepted: Element <span id="icp-save-button-announce" class="a-button-text" aria-hidden="true">...</span> is not clickable at point (243, 499). Other element would receive the click: <input class="a-button-input" type="submit" aria-labelledby="icp-save-button-announce">
  (Session info: chrome=120.0.6099.225)
Build info: version: '4.15.0', revision: '1d14b5521b'
System info: os.name: 'Windows 11', os.arch: 'amd64', os.version: '10.0', java.version: '20.0.1'
Driver info: org.openqa.selenium.chrome.ChromeDriver
Command: [b57e59ebfefd1ae62588340ca1b335d6, clickElement {id=3FD677A48BE35B965B5CFCC577D18396_element_65}]
Capabilities {acceptInsecureCerts: false, browserName: chrome, browserVersion: 120.0.6099.225, chrome: {chromedriverVersion: 120.0.6099.109 (3419140ab66..., userDataDir: C:\Users\onlin\AppData\Loca...}, fedcm:accounts: true, goog:chromeOptions: {debuggerAddress: localhost:57290}, networkConnectionEnabled: false, pageLoadStrategy: normal, platformName: windows, proxy: Proxy(), se:cdp: ws://localhost:57290/devtoo..., se:cdpVersion: 120.0.6099.225, setWindowRect: true, strictFileInteractability: false, timeouts: {implicit: 0, pageLoad: 300000, script: 30000}, unhandledPromptBehavior: dismiss and notify, webauthn:extension:credBlob: true, webauthn:extension:largeBlob: true, webauthn:extension:minPinLength: true, webauthn:extension:prf: true, webauthn:virtualAuthenticators: true}
Element: [[ChromeDriver: chrome on windows (b57e59ebfefd1ae62588340ca1b335d6)] -> id: icp-save-button-announce]
Session ID: b57e59ebfefd1ae62588340ca1b335d6
at org.openqa.selenium.remote.codec.w3c.W3CHttpResponseCodec.createException(W3CHttpResponseCodec.java:200)
at org.openqa.selenium.remote.codec.w3c.W3CHttpResponseCodec.decode(W3CHttpResponseCodec.java:133)
at org.openqa.selenium.remote.codec.w3c.W3CHttpResponseCodec.decode(W3CHttpResponseCodec.java:52)
at org.openqa.selenium.remote.HttpCommandExecutor.execute(HttpCommandExecutor.java:191)
at org.openqa.selenium.remote.service.DriverCommandExecutor.invokeExecute(DriverCommandExecutor.java:200)
at org.openqa.selenium.remote.service.DriverCommandExecutor.execute(DriverCommandExecutor.java:175)
at org.openqa.selenium.remote.RemoteWebDriver.execute(RemoteWebDriver.java:607)
at org.openqa.selenium.remote.RemoteWebElement.execute(RemoteWebElement.java:224)
at org.openqa.selenium.remote.RemoteWebElement.click(RemoteWebElement.java:77)
at org.openqa.selenium.support.pagefactory.internal.LocatingElementHandler.invoke(LocatingElementHandler.java:51)
at jdk.proxy2/jdk.proxy2.$Proxy13.click(Unknown Source)
at com.amazon.testscript.Amazon_UI_Testing.TC_18(Amazon_UI_Testing.java:210)
at java.base/java.util.ArrayList.forEach(ArrayList.java:1511)
... Removed 30 stack frames]]>
    </failure>
  </testcase> <!-- TC_18 -->
  <testcase classname="com.amazon.testscript.Amazon_UI_Testing" name="TC_16" time="0.0">
    <ignored/>
  </testcase> <!-- TC_16 -->
  <testcase classname="com.amazon.testscript.Amazon_UI_Testing" name="TC_05" time="0.0">
    <ignored/>
  </testcase> <!-- TC_05 -->
  <testcase classname="com.amazon.testscript.Amazon_UI_Testing" name="TC_17" time="0.0">
    <ignored/>
  </testcase> <!-- TC_17 -->
  <testcase classname="com.amazon.testscript.Amazon_UI_Testing" name="TC_06" time="0.0">
    <ignored/>
  </testcase> <!-- TC_06 -->
  <testcase classname="com.amazon.testscript.Amazon_UI_Testing" name="TC_07" time="0.0">
    <ignored/>
  </testcase> <!-- TC_07 -->
  <testcase classname="com.amazon.testscript.Amazon_UI_Testing" name="TC_11" time="0.0">
    <ignored/>
  </testcase> <!-- TC_11 -->
  <testcase classname="com.amazon.testscript.Amazon_UI_Testing" name="TC_09" time="0.0">
    <ignored/>
  </testcase> <!-- TC_09 -->
  <testcase classname="com.amazon.testscript.Amazon_UI_Testing" name="TC_15" time="0.0">
    <ignored/>
  </testcase> <!-- TC_15 -->
  <testcase classname="com.amazon.testscript.Amazon_UI_Testing" name="TC_04" time="0.0">
    <ignored/>
  </testcase> <!-- TC_04 -->
  <testcase classname="com.amazon.testscript.Amazon_UI_Testing" name="TC_19" time="0.0">
    <ignored/>
  </testcase> <!-- TC_19 -->
  <testcase classname="com.amazon.testscript.Amazon_UI_Testing" name="TC_08" time="0.0">
    <ignored/>
  </testcase> <!-- TC_08 -->
  <testcase classname="com.amazon.testscript.Amazon_UI_Testing" name="TC_20" time="0.0">
    <ignored/>
  </testcase> <!-- TC_20 -->
  <testcase classname="com.amazon.testscript.Amazon_UI_Testing" name="TC_10" time="0.0">
    <ignored/>
  </testcase> <!-- TC_10 -->
  <testcase classname="com.amazon.testscript.Amazon_UI_Testing" name="TC_12" time="0.0">
    <ignored/>
  </testcase> <!-- TC_12 -->
  <testcase classname="com.amazon.testscript.Amazon_UI_Testing" name="TC_01" time="0.0">
    <ignored/>
  </testcase> <!-- TC_01 -->
  <testcase classname="com.amazon.testscript.Amazon_UI_Testing" name="TC_13" time="0.0">
    <ignored/>
  </testcase> <!-- TC_13 -->
  <testcase classname="com.amazon.testscript.Amazon_UI_Testing" name="TC_02" time="0.0">
    <ignored/>
  </testcase> <!-- TC_02 -->
  <testcase classname="com.amazon.testscript.Amazon_UI_Testing" name="TC_14" time="0.0">
    <ignored/>
  </testcase> <!-- TC_14 -->
  <testcase classname="com.amazon.testscript.Amazon_UI_Testing" name="TC_03" time="0.0">
    <ignored/>
  </testcase> <!-- TC_03 -->
</testsuite> <!-- Default test(failed) -->
